
----------------- DATA SHAPE -----------------
TRAIN  : (294912, 13)
VALID  : (84992, 13)
TEST   : (41984, 13)
----------------------------------------------



----------------- SETTINGS -------------------
device             : cuda

[DATASET_SETTINGS]
dataset_name       : wine
val_rate           : 0.2
test_rate          : 0.1

[GENERATION_SETTINGS]
missing_pattern    : multiple
include_complete   : False
min_remove_count   : 1
max_remove_count   : 5

[MODEL_SETTINGS]
model_name         : Tabular Transformer
dim_model          : 256
num_head           : 8
dim_ff             : 256
num_features       : 13
num_classes        : 3
num_layers         : 3
dropout            : 0.1
threshold          : 0.5
mse_rate           : 1
num_parameters     : 3299847

[LEARNING_SETTINGS]
epochs             : 100
batch_size         : 1024
learning_rate      : 1e-05
step_size          : 10
gamma              : 0.9
print_period       : 10
----------------------------------------------



  0%|          | 0/100 [00:00<?, ?it/s]
  1%|          | 1/100 [00:53<1:28:03, 53.37s/it]
  2%|▏         | 2/100 [01:46<1:27:07, 53.35s/it]
  3%|▎         | 3/100 [02:40<1:26:13, 53.34s/it]
  4%|▍         | 4/100 [03:33<1:25:23, 53.37s/it]
  5%|▌         | 5/100 [04:26<1:24:32, 53.39s/it]
  6%|▌         | 6/100 [05:20<1:23:42, 53.43s/it]
  7%|▋         | 7/100 [06:13<1:22:46, 53.41s/it]
  8%|▊         | 8/100 [07:07<1:21:55, 53.43s/it]
  9%|▉         | 9/100 [08:00<1:21:01, 53.42s/it]
 10%|█         | 10/100 [08:54<1:20:08, 53.43s/it]
 11%|█         | 11/100 [09:47<1:19:17, 53.45s/it]
 12%|█▏        | 12/100 [10:40<1:18:22, 53.44s/it]
 13%|█▎        | 13/100 [11:34<1:17:26, 53.40s/it]
 14%|█▍        | 14/100 [12:27<1:16:31, 53.39s/it]
 15%|█▌        | 15/100 [13:21<1:15:37, 53.38s/it]
 16%|█▌        | 16/100 [14:14<1:14:41, 53.36s/it]
 17%|█▋        | 17/100 [15:07<1:13:48, 53.36s/it]
 18%|█▊        | 18/100 [16:01<1:12:55, 53.35s/it]
 19%|█▉        | 19/100 [16:54<1:12:00, 53.34s/it]
 20%|██        | 20/100 [17:47<1:11:07, 53.34s/it]
 21%|██        | 21/100 [18:40<1:10:11, 53.31s/it]
 22%|██▏       | 22/100 [19:34<1:09:17, 53.30s/it]
 23%|██▎       | 23/100 [20:27<1:08:23, 53.29s/it]
 24%|██▍       | 24/100 [21:20<1:07:29, 53.29s/it]
 25%|██▌       | 25/100 [22:14<1:06:36, 53.29s/it]
 26%|██▌       | 26/100 [23:07<1:05:42, 53.27s/it]
 27%|██▋       | 27/100 [24:00<1:04:49, 53.28s/it]
 28%|██▊       | 28/100 [24:53<1:03:56, 53.28s/it]
 29%|██▉       | 29/100 [25:47<1:03:01, 53.26s/it]
 30%|███       | 30/100 [26:40<1:02:08, 53.26s/it]
 31%|███       | 31/100 [27:33<1:01:14, 53.26s/it]
 32%|███▏      | 32/100 [28:26<1:00:22, 53.27s/it]
 33%|███▎      | 33/100 [29:20<59:29, 53.28s/it]  
 34%|███▍      | 34/100 [30:13<58:36, 53.27s/it]
 35%|███▌      | 35/100 [31:06<57:43, 53.29s/it]
 36%|███▌      | 36/100 [31:59<56:49, 53.28s/it]
 37%|███▋      | 37/100 [32:53<55:56, 53.28s/it]
 38%|███▊      | 38/100 [33:46<55:03, 53.28s/it]
 39%|███▉      | 39/100 [34:39<54:09, 53.27s/it]
 40%|████      | 40/100 [35:33<53:16, 53.28s/it]
 41%|████      | 41/100 [36:26<52:22, 53.26s/it]
 42%|████▏     | 42/100 [37:19<51:29, 53.27s/it]
 43%|████▎     | 43/100 [38:12<50:36, 53.28s/it]
 44%|████▍     | 44/100 [39:06<49:42, 53.27s/it]
 45%|████▌     | 45/100 [39:59<48:49, 53.27s/it]
 46%|████▌     | 46/100 [40:52<47:56, 53.26s/it]
 47%|████▋     | 47/100 [41:45<47:01, 53.24s/it]
 48%|████▊     | 48/100 [42:39<46:09, 53.25s/it]
 49%|████▉     | 49/100 [43:32<45:15, 53.24s/it]
 50%|█████     | 50/100 [44:25<44:22, 53.25s/it]
 51%|█████     | 51/100 [45:18<43:29, 53.26s/it]
 52%|█████▏    | 52/100 [46:12<42:35, 53.24s/it]
 53%|█████▎    | 53/100 [47:05<41:42, 53.25s/it]
 54%|█████▍    | 54/100 [47:58<40:49, 53.24s/it]
 55%|█████▌    | 55/100 [48:51<39:56, 53.25s/it]
 56%|█████▌    | 56/100 [49:45<39:03, 53.25s/it]
 57%|█████▋    | 57/100 [50:38<38:09, 53.24s/it]
 58%|█████▊    | 58/100 [51:31<37:16, 53.25s/it]
 59%|█████▉    | 59/100 [52:24<36:23, 53.25s/it]
 60%|██████    | 60/100 [53:18<35:29, 53.24s/it]
 61%|██████    | 61/100 [54:11<34:36, 53.25s/it]
 62%|██████▏   | 62/100 [55:04<33:43, 53.24s/it]
 63%|██████▎   | 63/100 [55:57<32:49, 53.24s/it]
 64%|██████▍   | 64/100 [56:51<31:56, 53.24s/it]
 65%|██████▌   | 65/100 [57:44<31:02, 53.22s/it]
 66%|██████▌   | 66/100 [58:37<30:09, 53.23s/it]
 67%|██████▋   | 67/100 [59:30<29:16, 53.22s/it]
 68%|██████▊   | 68/100 [1:00:23<28:23, 53.24s/it]
 69%|██████▉   | 69/100 [1:01:17<27:30, 53.24s/it]
 70%|███████   | 70/100 [1:02:10<26:37, 53.24s/it]
 71%|███████   | 71/100 [1:03:03<25:44, 53.24s/it]
 72%|███████▏  | 72/100 [1:03:56<24:50, 53.25s/it]
 73%|███████▎  | 73/100 [1:04:50<23:57, 53.23s/it]
 74%|███████▍  | 74/100 [1:05:43<23:04, 53.24s/it]
 75%|███████▌  | 75/100 [1:06:36<22:10, 53.23s/it]
 76%|███████▌  | 76/100 [1:07:29<21:17, 53.23s/it]
 77%|███████▋  | 77/100 [1:08:23<20:24, 53.24s/it]
 78%|███████▊  | 78/100 [1:09:16<19:31, 53.24s/it]
 79%|███████▉  | 79/100 [1:10:09<18:38, 53.24s/it]
 80%|████████  | 80/100 [1:11:02<17:44, 53.24s/it]
 81%|████████  | 81/100 [1:11:56<16:51, 53.24s/it]
 82%|████████▏ | 82/100 [1:12:49<15:57, 53.20s/it]
 83%|████████▎ | 83/100 [1:13:42<15:02, 53.10s/it]
 84%|████████▍ | 84/100 [1:14:34<14:08, 53.04s/it]
 85%|████████▌ | 85/100 [1:15:27<13:15, 53.01s/it]
 86%|████████▌ | 86/100 [1:16:20<12:21, 52.96s/it]
 87%|████████▋ | 87/100 [1:17:13<11:28, 52.96s/it]
 88%|████████▊ | 88/100 [1:18:06<10:35, 52.93s/it]
 89%|████████▉ | 89/100 [1:18:59<09:42, 52.92s/it]
 90%|█████████ | 90/100 [1:19:52<08:48, 52.89s/it]
 91%|█████████ | 91/100 [1:20:45<07:56, 52.89s/it]
 92%|█████████▏| 92/100 [1:21:38<07:03, 52.89s/it]
 93%|█████████▎| 93/100 [1:22:30<06:10, 52.89s/it]
 94%|█████████▍| 94/100 [1:23:23<05:17, 52.89s/it]
 95%|█████████▌| 95/100 [1:24:16<04:24, 52.89s/it]
 96%|█████████▌| 96/100 [1:25:09<03:31, 52.88s/it]
 97%|█████████▋| 97/100 [1:26:02<02:38, 52.89s/it]
 98%|█████████▊| 98/100 [1:26:55<01:45, 52.88s/it]
 99%|█████████▉| 99/100 [1:27:48<00:52, 52.89s/it]
100%|██████████| 100/100 [1:28:41<00:00, 52.90s/it]
100%|██████████| 100/100 [1:28:41<00:00, 53.21s/it]

M: tensor([[ 0.0000,  2.1654,  0.5847,  0.5490, -0.7426,  0.0000, -1.3436,  0.5656, -1.4157,  0.9162, -1.7723,  0.0000,  0.0000]], device='cuda:0')
R: tensor([[-0.0901,  2.2479,  0.5554,  0.5596, -0.6926, -0.9239, -1.4104,  0.5811, -1.4435,  0.9881, -1.7271, -1.3110, -0.2943]], device='cuda:0')
C: tensor([[-0.0836,  2.1654,  0.5847,  0.5490, -0.7426, -0.8769, -1.3436,  0.5656, -1.4157,  0.9162, -1.7723, -1.1943, -0.3524]], device='cuda:0')
Epoch: 0
[TRAIN] Total loss: 2.755356717026896, MSE: 0.5083506056366282, CE: 2.2470061199532614
[VALID] Total loss: 1.213754731488515, MSE: 0.04620731334729367, CE: 1.1675474212830326
Epoch: 1
[TRAIN] Total loss: 1.4724372526009877, MSE: 0.06290708678878015, CE: 1.4095301644669638
[VALID] Total loss: 1.1578713483121021, MSE: 0.015205085513193205, CE: 1.1426662666251861
Epoch: 2
[TRAIN] Total loss: 1.4086007475852966, MSE: 0.03737265011295676, CE: 1.3712280947301123
[VALID] Total loss: 1.1327367977923657, MSE: 0.007568571940962091, CE: 1.1251682272876602
Epoch: 3
[TRAIN] Total loss: 1.3667017209033172, MSE: 0.02495127371771054, CE: 1.3417504467070103
[VALID] Total loss: 1.113767035036202, MSE: 0.004273361013080162, CE: 1.10949366782085
Epoch: 4
[TRAIN] Total loss: 1.3296362683176994, MSE: 0.017763617147769157, CE: 1.3118726499378681
[VALID] Total loss: 1.1168452012969787, MSE: 0.002290330207289522, CE: 1.1145548820495605
Epoch: 5
[TRAIN] Total loss: 1.299436327483919, MSE: 0.013434526365017518, CE: 1.286001802732547
[VALID] Total loss: 1.0911998317902347, MSE: 0.001707048012302762, CE: 1.0894927777439716
Epoch: 6
[TRAIN] Total loss: 1.273182050221496, MSE: 0.010506160935619846, CE: 1.2626758917338319
[VALID] Total loss: 1.0942726235791862, MSE: 0.002306740160145045, CE: 1.091965879302427
Epoch: 7
[TRAIN] Total loss: 1.2540665231645107, MSE: 0.008508290093029953, CE: 1.2455582353803847
[VALID] Total loss: 1.0898872771895076, MSE: 0.001149074415709958, CE: 1.0887382044849625
Epoch: 8
[TRAIN] Total loss: 1.2356556293865044, MSE: 0.00702214064141218, CE: 1.2286334873901472
[VALID] Total loss: 1.0937180892530693, MSE: 0.001337388810892421, CE: 1.0923807060862163
Epoch: 9
[TRAIN] Total loss: 1.2225278437965446, MSE: 0.0058615602594929645, CE: 1.2166662861903508
[VALID] Total loss: 1.0891838691320763, MSE: 0.0009216957764857145, CE: 1.0882621759391693

M: tensor([[ 0.0000, -0.6894,  1.1101,  0.8471, -0.5337,  0.5697, -0.8760,  0.9178,  1.3670,  2.4886,  0.0000, -1.3228, -0.3676]], device='cuda:0')
R: tensor([[ 0.7020, -0.6771,  1.1231,  0.8604, -0.5236,  0.5836, -0.8669,  0.9327,  1.3790,  2.5061, -1.6377, -1.3182, -0.3580]], device='cuda:0')
C: tensor([[ 0.6875, -0.6894,  1.1101,  0.8471, -0.5337,  0.5697, -0.8760,  0.9178,  1.3670,  2.4886, -1.6419, -1.3228, -0.3676]], device='cuda:0')
Epoch: 10
[TRAIN] Total loss: 1.2115843329164717, MSE: 0.005040448099154876, CE: 1.206543886827098
[VALID] Total loss: 1.078079144638705, MSE: 0.0009190863018002676, CE: 1.0771600625601159
Epoch: 11
[TRAIN] Total loss: 1.2000057047439947, MSE: 0.00431518988948988, CE: 1.1956905134850078
[VALID] Total loss: 1.0889923816703888, MSE: 0.0011608960395903293, CE: 1.0878314857023308
Epoch: 12
[TRAIN] Total loss: 1.1904409751296043, MSE: 0.0038484733959194273, CE: 1.1865925035542912
[VALID] Total loss: 1.0969715262033852, MSE: 0.00046127780546793287, CE: 1.096510246575597
Epoch: 13
[TRAIN] Total loss: 1.1812881338927481, MSE: 0.003356934581663356, CE: 1.1779312002989981
[VALID] Total loss: 1.08778147094221, MSE: 0.002846855656187757, CE: 1.0849346137908569
Epoch: 14
[TRAIN] Total loss: 1.1729215350415971, MSE: 0.003040633945299002, CE: 1.1698809034294553
[VALID] Total loss: 1.0956699833812484, MSE: 0.0009381519125617413, CE: 1.0947318335613572
Epoch: 15
[TRAIN] Total loss: 1.166488775362571, MSE: 0.0027352378973672683, CE: 1.1637535368402798
[VALID] Total loss: 1.079679947301566, MSE: 0.0006223297011701906, CE: 1.0790576187961072
Epoch: 16
[TRAIN] Total loss: 1.160931006901794, MSE: 0.0025746997950288155, CE: 1.1583563031421766
[VALID] Total loss: 1.0839664232299988, MSE: 0.0011848752858139664, CE: 1.082781543214637
Epoch: 17
[TRAIN] Total loss: 1.1573161871896849, MSE: 0.002277915777085582, CE: 1.1550382719271712
[VALID] Total loss: 1.095237161739763, MSE: 0.0003884645071615611, CE: 1.0948486974440426
Epoch: 18
[TRAIN] Total loss: 1.1542065569923983, MSE: 0.0020974802512985966, CE: 1.1521090745098062
[VALID] Total loss: 1.087093518440982, MSE: 0.00037454834266801375, CE: 1.08671896428947
Epoch: 19
[TRAIN] Total loss: 1.1504235826432705, MSE: 0.0019346791575824479, CE: 1.1484889056947496
[VALID] Total loss: 1.0867002915187054, MSE: 0.00030511175071910385, CE: 1.0863951818052544

M: tensor([[ 0.9404, -0.5341,  0.1906,  0.0000,  0.5105,  0.2804,  0.0000,  0.2133,  0.0000, -0.5450,  1.2266,  0.0000,  0.0000]], device='cuda:0')
R: tensor([[ 0.9434, -0.5267,  0.1935, -0.7336,  0.5195,  0.2867,  0.7804,  0.2231,  0.7506, -0.5404,  1.2290,  0.4356,  0.7605]], device='cuda:0')
C: tensor([[ 0.9404, -0.5341,  0.1906, -0.7328,  0.5105,  0.2804,  0.7762,  0.2133,  0.7443, -0.5450,  1.2266,  0.4272,  0.7549]], device='cuda:0')
Epoch: 20
[TRAIN] Total loss: 1.1491942471928067, MSE: 0.0017801311074031724, CE: 1.1474141176376078
[VALID] Total loss: 1.100629130041743, MSE: 0.0002915489531882354, CE: 1.1003375800259143
Epoch: 21
[TRAIN] Total loss: 1.1468585522638426, MSE: 0.0017564557840362089, CE: 1.1451020965145693
[VALID] Total loss: 1.0984144196452865, MSE: 0.0010849522287867605, CE: 1.0973294657396984
Epoch: 22
[TRAIN] Total loss: 1.1456432421174314, MSE: 0.0016169378723134287, CE: 1.1440263022151258
[VALID] Total loss: 1.1086713779403503, MSE: 0.00031995419388305935, CE: 1.1083514187709396
Epoch: 23
[TRAIN] Total loss: 1.1432556919753551, MSE: 0.0014619339106300483, CE: 1.1417937572631571
[VALID] Total loss: 1.1004515397979553, MSE: 0.001267752032278173, CE: 1.0991837877825081
Epoch: 24
[TRAIN] Total loss: 1.142651040520933, MSE: 0.0014280946181517923, CE: 1.1412229504850175
[VALID] Total loss: 1.0970899082091918, MSE: 0.0007893913986542857, CE: 1.096300514347582
Epoch: 25
[TRAIN] Total loss: 1.1390736521118217, MSE: 0.0013171406010062331, CE: 1.1377565128107865
[VALID] Total loss: 1.09428778326655, MSE: 0.0001808314001067059, CE: 1.094106949955584
Epoch: 26
[TRAIN] Total loss: 1.137644749134779, MSE: 0.0012970270056232242, CE: 1.136347716467248
[VALID] Total loss: 1.0902917715440315, MSE: 0.0006334428459473224, CE: 1.0896583278495144
Epoch: 27
[TRAIN] Total loss: 1.1366750208867922, MSE: 0.001238086977132803, CE: 1.1354369351433382
[VALID] Total loss: 1.091910852007119, MSE: 0.00019857951482696212, CE: 1.0917122780558575
Epoch: 28
[TRAIN] Total loss: 1.1334129596749942, MSE: 0.0011766940194017177, CE: 1.1322362679574225
[VALID] Total loss: 1.1033652762332595, MSE: 0.00017366121904938538, CE: 1.1031916213322834
Epoch: 29
[TRAIN] Total loss: 1.1329989168379042, MSE: 0.0010872599957818035, CE: 1.1319116577506065
[VALID] Total loss: 1.095162137445197, MSE: 0.00026809391200946394, CE: 1.09489404293428

M: tensor([[-1.4488, -0.2428,  1.5699,  0.0000, -0.3249, -0.1857,  0.3086,  1.3405,  0.3357,  0.0000,  0.0000, -0.2631,  0.0000]], device='cuda:0')
R: tensor([[-1.4581, -0.2447,  1.5717,  2.6480, -0.3262, -0.1862,  0.3109,  1.3447,  0.3378, -0.8711,  0.0972, -0.2665, -0.8353]], device='cuda:0')
C: tensor([[-1.4488, -0.2428,  1.5699,  2.6356, -0.3249, -0.1857,  0.3086,  1.3405,  0.3357, -0.8672,  0.0966, -0.2631, -0.8348]], device='cuda:0')
Epoch: 30
[TRAIN] Total loss: 1.1301187024348311, MSE: 0.0010440162774708976, CE: 1.1290746910704508
[VALID] Total loss: 1.1243005588830235, MSE: 0.00023117321119110762, CE: 1.1240693833454545
Epoch: 31
[TRAIN] Total loss: 1.1297625444001622, MSE: 0.0009796972570054801, CE: 1.1287828472753365
[VALID] Total loss: 1.1046423035931874, MSE: 0.00036125944321414074, CE: 1.1042810419955886
Epoch: 32
[TRAIN] Total loss: 1.1282784727712472, MSE: 0.0009757474650137334, CE: 1.127302724454138
[VALID] Total loss: 1.1173155638108772, MSE: 0.0002204370246611042, CE: 1.117095127163163
Epoch: 33
[TRAIN] Total loss: 1.126638498571184, MSE: 0.000920783682077955, CE: 1.125717715670665
[VALID] Total loss: 1.114415911306818, MSE: 0.00048517695339172183, CE: 1.1139307323708592
Epoch: 34
[TRAIN] Total loss: 1.1244707111683157, MSE: 0.0009004799440946146, CE: 1.1235702319277658
[VALID] Total loss: 1.1193661589220345, MSE: 0.00029749637809778416, CE: 1.1190686584955238
Epoch: 35
[TRAIN] Total loss: 1.1236038249399927, MSE: 0.0008611630782979773, CE: 1.1227426615854104
[VALID] Total loss: 1.0955707610371601, MSE: 0.0002688823207505945, CE: 1.0953018794576805
Epoch: 36
[TRAIN] Total loss: 1.1227107524043984, MSE: 0.0008938713367064742, CE: 1.1218168826566801
[VALID] Total loss: 1.1078133453805763, MSE: 0.0002877060737718929, CE: 1.1075256387871433
Epoch: 37
[TRAIN] Total loss: 1.1209224946796894, MSE: 0.0007991666704280457, CE: 1.12012332967586
[VALID] Total loss: 1.111364202327039, MSE: 0.00015297153530185144, CE: 1.1112112295196717
Epoch: 38
[TRAIN] Total loss: 1.1213306817743514, MSE: 0.0007678056576373314, CE: 1.1205628741946485
[VALID] Total loss: 1.1020445076816052, MSE: 0.0001742492369600538, CE: 1.1018702567341816
Epoch: 39
[TRAIN] Total loss: 1.1198358986940649, MSE: 0.0007326365721382899, CE: 1.119103264891439
[VALID] Total loss: 1.1007908640137638, MSE: 0.00015253523741259677, CE: 1.100638327828373

M: tensor([[ 1.8126,  0.0000,  0.6504, -0.8520,  0.0000,  0.0000,  1.6075, -1.0548,  0.0000,  0.9737, -0.3815,  1.3584,  2.2413]], device='cuda:0')
R: tensor([[ 1.8217, -0.4142,  0.6581, -0.8519,  1.1425,  2.5829,  1.6132, -1.0554,  1.1546,  0.9763, -0.3803,  1.3616,  2.2462]], device='cuda:0')
C: tensor([[ 1.8126, -0.4175,  0.6504, -0.8520,  1.1371,  2.5789,  1.6075, -1.0548,  1.1530,  0.9737, -0.3815,  1.3584,  2.2413]], device='cuda:0')
Epoch: 40
[TRAIN] Total loss: 1.1196530544095569, MSE: 0.0007529135932094909, CE: 1.1189001376430194
[VALID] Total loss: 1.0962698689426285, MSE: 0.00016001091988796526, CE: 1.0961098570421517
Epoch: 41
[TRAIN] Total loss: 1.117847864412599, MSE: 0.0006649299678732253, CE: 1.1171829348637
[VALID] Total loss: 1.103340325585331, MSE: 0.00015773445228254982, CE: 1.1031825887151512
Epoch: 42
[TRAIN] Total loss: 1.1176020258830652, MSE: 0.000691750100385333, CE: 1.1169102779693074
[VALID] Total loss: 1.102086319980851, MSE: 0.0002413084835700511, CE: 1.1018450102174138
Epoch: 43
[TRAIN] Total loss: 1.116726600875457, MSE: 0.0006523628706215984, CE: 1.1160742367307346
[VALID] Total loss: 1.1061350064105298, MSE: 0.0001295344138424002, CE: 1.1060054690004832
Epoch: 44
[TRAIN] Total loss: 1.116028531971905, MSE: 0.0006525981752929511, CE: 1.1153759318921301
[VALID] Total loss: 1.103530758834747, MSE: 0.00018008689081200948, CE: 1.1033506695046482
Epoch: 45
[TRAIN] Total loss: 1.1153354744116466, MSE: 0.0006318681482500526, CE: 1.1147036059863038
[VALID] Total loss: 1.100871302995337, MSE: 0.00018181405552657298, CE: 1.1006894872849247
Epoch: 46
[TRAIN] Total loss: 1.1150806376503573, MSE: 0.0006181204144013464, CE: 1.114462518857585
[VALID] Total loss: 1.1083636858377113, MSE: 0.0004336632807817624, CE: 1.10793002111366
Epoch: 47
[TRAIN] Total loss: 1.1145843255023162, MSE: 0.0005765741313249843, CE: 1.1140077507330313
[VALID] Total loss: 1.0986837593905896, MSE: 0.00038714212448201534, CE: 1.0982966107058239
Epoch: 48
[TRAIN] Total loss: 1.113157341049777, MSE: 0.0005749592520361249, CE: 1.1125823818147182
[VALID] Total loss: 1.1025009198361133, MSE: 0.000451158036138436, CE: 1.1020497600716281
Epoch: 49
[TRAIN] Total loss: 1.1134533782800038, MSE: 0.000544974527757505, CE: 1.112908403078715
[VALID] Total loss: 1.1070586787648948, MSE: 0.0001459027623339747, CE: 1.1069127752120236

M: tensor([[ 0.0000,  0.8933, -0.0721,  0.0000,  0.0928, -0.7162, -1.1566,  0.0000,  0.5497,  2.0168, -1.6854,  0.0000, -0.2007]], device='cuda:0')
R: tensor([[ 0.3864,  0.9032, -0.0590, -0.3341,  0.1053, -0.7039, -1.1479,  1.5656,  0.5633,  2.0273, -1.6769, -1.7476, -0.1889]], device='cuda:0')
C: tensor([[ 0.3715,  0.8933, -0.0721, -0.3453,  0.0928, -0.7162, -1.1566,  1.5519,  0.5497,  2.0168, -1.6854, -1.7563, -0.2007]], device='cuda:0')
Epoch: 50
[TRAIN] Total loss: 1.112932766063346, MSE: 0.0005229416007447677, CE: 1.1124098263680935
[VALID] Total loss: 1.1144193755574974, MSE: 0.0006537151997011289, CE: 1.1137656591024743
Epoch: 51
[TRAIN] Total loss: 1.111884163485633, MSE: 0.0005329810994428246, CE: 1.1113511874443955
[VALID] Total loss: 1.107584831226303, MSE: 0.00010088125620028902, CE: 1.1074839485697
Epoch: 52
[TRAIN] Total loss: 1.111381284892559, MSE: 0.0004990001824707077, CE: 1.1108822868102126
[VALID] Total loss: 1.114712133465043, MSE: 9.982416760253564e-05, CE: 1.114612312201994
Epoch: 53
[TRAIN] Total loss: 1.110877708842357, MSE: 0.0004946097545447022, CE: 1.1103830983241398
[VALID] Total loss: 1.110747943441552, MSE: 0.0001289808314612012, CE: 1.1106189632990273
Epoch: 54
[TRAIN] Total loss: 1.1101915033327208, MSE: 0.00048616943937910645, CE: 1.1097053322527144
[VALID] Total loss: 1.108076469007745, MSE: 0.00014995113267641827, CE: 1.1079265109027725
Epoch: 55
[TRAIN] Total loss: 1.1106899351709418, MSE: 0.0004725422337893785, CE: 1.1102173920306895
[VALID] Total loss: 1.1138616987021572, MSE: 9.065835670244049e-05, CE: 1.113771040755582
Epoch: 56
[TRAIN] Total loss: 1.1099711313015885, MSE: 0.0004716728076851319, CE: 1.109499456981818
[VALID] Total loss: 1.10446975748223, MSE: 0.0002756626676580117, CE: 1.10419410395335
Epoch: 57
[TRAIN] Total loss: 1.1091894747482405, MSE: 0.00048314980388871237, CE: 1.1087063261204295
[VALID] Total loss: 1.1126649868057434, MSE: 0.000260712638502963, CE: 1.1124042717807263
Epoch: 58
[TRAIN] Total loss: 1.1084131225943565, MSE: 0.00043195462098487443, CE: 1.107981169803275
[VALID] Total loss: 1.1020825397537415, MSE: 0.00010109397557112444, CE: 1.1019814459674329
Epoch: 59
[TRAIN] Total loss: 1.1082890460060701, MSE: 0.0004480376490189681, CE: 1.1078410090671644
[VALID] Total loss: 1.1001727595386734, MSE: 0.00010467215670140863, CE: 1.100068090909935

M: tensor([[-0.1089,  0.8642,  0.0000,  0.0000,  0.6498,  0.0000, -1.3956,  1.4814, -1.2211,  0.1223,  0.0000,  0.0000, -0.5193]], device='cuda:0')
R: tensor([[-0.1113,  0.8599,  0.9102,  0.6978,  0.6489, -0.9617, -1.3981,  1.4790, -1.2255,  0.1204, -0.3410, -0.7970, -0.5228]], device='cuda:0')
C: tensor([[-0.1089,  0.8642,  0.9131,  0.6980,  0.6498, -0.9573, -1.3956,  1.4814, -1.2211,  0.1223, -0.3380, -0.7929, -0.5193]], device='cuda:0')
Epoch: 60
[TRAIN] Total loss: 1.107952132821083, MSE: 0.0004125519083875891, CE: 1.1075395805140336
[VALID] Total loss: 1.1119281900934426, MSE: 0.00011420933782552223, CE: 1.1118139861577965
Epoch: 61
[TRAIN] Total loss: 1.1078072546256914, MSE: 0.00046464920271521097, CE: 1.1073426078591082
[VALID] Total loss: 1.1083644183285266, MSE: 0.00011785276509759701, CE: 1.1082465648651123
Epoch: 62
[TRAIN] Total loss: 1.1069418030480545, MSE: 0.00038455570302176056, CE: 1.1065572458836768
[VALID] Total loss: 1.1017092595617455, MSE: 0.00012520240931505202, CE: 1.1015840539013046
Epoch: 63
[TRAIN] Total loss: 1.1069632872111268, MSE: 0.00040901382221313217, CE: 1.1065542722741764
[VALID] Total loss: 1.1042308893548436, MSE: 0.00019363826070631663, CE: 1.1040372518171746
Epoch: 64
[TRAIN] Total loss: 1.1064651165571477, MSE: 0.0003708005281926792, CE: 1.1060943148202367
[VALID] Total loss: 1.1097615411482662, MSE: 0.00035471947238140974, CE: 1.1094068202627712
Epoch: 65
[TRAIN] Total loss: 1.1058302799032793, MSE: 0.0003906643273189224, CE: 1.1054396082957585
[VALID] Total loss: 1.1000537728688804, MSE: 0.00012729763790070224, CE: 1.0999264788914875
Epoch: 66
[TRAIN] Total loss: 1.1055604182183743, MSE: 0.00038908743540054676, CE: 1.1051713315149148
[VALID] Total loss: 1.094988071774862, MSE: 0.00013706534064770396, CE: 1.0948510126895215
Epoch: 67
[TRAIN] Total loss: 1.1056627701554034, MSE: 0.00037074226596208365, CE: 1.1052920296788216
[VALID] Total loss: 1.10000260048602, MSE: 0.0006979281140255731, CE: 1.0993046688746257
Epoch: 68
[TRAIN] Total loss: 1.10522196152144, MSE: 0.00038728079258968745, CE: 1.1048346795141697
[VALID] Total loss: 1.0927624127951012, MSE: 0.00012383806478535105, CE: 1.0926385701420795
Epoch: 69
[TRAIN] Total loss: 1.1046432629227638, MSE: 0.000337620257899592, CE: 1.1043056460718315
[VALID] Total loss: 1.1150195139000214, MSE: 9.238321520142672e-05, CE: 1.1149271310093891

M: tensor([[ 0.0000, -0.8545,  0.0000, -1.2395,  0.0000,  0.2482,  0.7242,  0.0000, -0.4232, -0.5987,  1.0093,  0.1383,  0.8459]], device='cuda:0')
R: tensor([[ 0.1698, -0.8557, -0.6624, -1.2397,  0.0920,  0.2488,  0.7232, -0.7734, -0.4247, -0.5994,  1.0048,  0.1390,  0.8423]], device='cuda:0')
C: tensor([[ 0.1692, -0.8545, -0.6632, -1.2395,  0.0928,  0.2482,  0.7242, -0.7730, -0.4232, -0.5987,  1.0093,  0.1383,  0.8459]], device='cuda:0')
Epoch: 70
[TRAIN] Total loss: 1.1045962385833263, MSE: 0.0003654645694647722, CE: 1.1042307731178072
[VALID] Total loss: 1.1080648324575768, MSE: 0.00010695814822852353, CE: 1.1079578758722328
Epoch: 71
[TRAIN] Total loss: 1.1044429743455515, MSE: 0.0003312579029726395, CE: 1.104111711598105
[VALID] Total loss: 1.1110873911754195, MSE: 9.83250406479564e-05, CE: 1.1109890621828746
Epoch: 72
[TRAIN] Total loss: 1.1039260153969128, MSE: 0.0003488839644584611, CE: 1.1035771283010642
[VALID] Total loss: 1.1050859574812004, MSE: 0.00011973844680525586, CE: 1.1049662124679749
Epoch: 73
[TRAIN] Total loss: 1.1036882893078857, MSE: 0.00030341294849576015, CE: 1.1033848743471835
[VALID] Total loss: 1.096123666648405, MSE: 0.00013312398307362055, CE: 1.095990538597107
Epoch: 74
[TRAIN] Total loss: 1.1036667678919103, MSE: 0.0003075974959251147, CE: 1.1033591702580452
[VALID] Total loss: 1.1086774303252438, MSE: 9.037478353038531e-05, CE: 1.1085870495761734
Epoch: 75
[TRAIN] Total loss: 1.1035738761226337, MSE: 0.0003340824043536688, CE: 1.1032397945721943
[VALID] Total loss: 1.1160922854779713, MSE: 0.00019087913061817548, CE: 1.1159014055527836
Epoch: 76
[TRAIN] Total loss: 1.1029239826732211, MSE: 0.00032729365441102546, CE: 1.1025966877738635
[VALID] Total loss: 1.1010417507355472, MSE: 0.00010055351980642068, CE: 1.1009411955454262
Epoch: 77
[TRAIN] Total loss: 1.1029653354651399, MSE: 0.00029454555735557934, CE: 1.102670792904165
[VALID] Total loss: 1.098302951778274, MSE: 7.843772066527058e-05, CE: 1.0982245149382626
Epoch: 78
[TRAIN] Total loss: 1.102823002056943, MSE: 0.0002967623857128072, CE: 1.1025262388090293
[VALID] Total loss: 1.1102150520646428, MSE: 9.939659029913011e-05, CE: 1.1101156573697746
Epoch: 79
[TRAIN] Total loss: 1.1027530998819404, MSE: 0.0003010116681960224, CE: 1.1024520910448499
[VALID] Total loss: 1.1108270265969886, MSE: 0.0001615079725371584, CE: 1.1106655181172382

M: tensor([[-0.7283,  0.0000,  0.2563,  0.3999, -0.6033,  0.0000, -1.0631,  0.7769, -1.0654,  0.0000,  0.0000,  0.0000, -0.6709]], device='cuda:0')
R: tensor([[-0.7262,  1.4070,  0.2571,  0.4015, -0.6032,  0.0876, -1.0605,  0.7755, -1.0635,  0.9128, -1.6802, -1.6390, -0.6701]], device='cuda:0')
C: tensor([[-0.7283,  1.4080,  0.2563,  0.3999, -0.6033,  0.0875, -1.0631,  0.7769, -1.0654,  0.9162, -1.6854, -1.6439, -0.6709]], device='cuda:0')
Epoch: 80
[TRAIN] Total loss: 1.1026650211877294, MSE: 0.00029917268845262396, CE: 1.1023658476769924
[VALID] Total loss: 1.1073739787182175, MSE: 9.771070090867299e-05, CE: 1.107276264443455
Epoch: 81
[TRAIN] Total loss: 1.102434495670928, MSE: 0.00027729127537491475, CE: 1.102157206998931
[VALID] Total loss: 1.1043020371931145, MSE: 9.652515725163934e-05, CE: 1.1042055135749909
Epoch: 82
[TRAIN] Total loss: 1.10227176008953, MSE: 0.00029712178992566705, CE: 1.1019746359023783
[VALID] Total loss: 1.104752030717321, MSE: 0.00010825447031263127, CE: 1.1046437786286136
Epoch: 83
[TRAIN] Total loss: 1.1021281443536282, MSE: 0.0002626206460263347, CE: 1.1018655238052208
[VALID] Total loss: 1.0997421899473812, MSE: 7.247541721136006e-05, CE: 1.0996697121355907
Epoch: 84
[TRAIN] Total loss: 1.1017288458016183, MSE: 0.0002820934200321466, CE: 1.1014467527468998
[VALID] Total loss: 1.1074469089508057, MSE: 0.00013245565349345533, CE: 1.1073144516312932
Epoch: 85
[TRAIN] Total loss: 1.1018754235572286, MSE: 0.0002638701260164251, CE: 1.1016115525530443
[VALID] Total loss: 1.0948934109814197, MSE: 0.00014949701061957595, CE: 1.0947439124785274
Epoch: 86
[TRAIN] Total loss: 1.101433991558022, MSE: 0.00027374957006840204, CE: 1.1011602419118087
[VALID] Total loss: 1.1007613302713417, MSE: 0.00011490937488936225, CE: 1.1006464196974972
Epoch: 87
[TRAIN] Total loss: 1.101364848928319, MSE: 0.00025885046837477904, CE: 1.1011060000293784
[VALID] Total loss: 1.0987159631338463, MSE: 0.00017220009516655322, CE: 1.0985437617244491
Epoch: 88
[TRAIN] Total loss: 1.1013510537644227, MSE: 0.000255270618961529, CE: 1.101095782385932
[VALID] Total loss: 1.1019232330552067, MSE: 6.55599744430833e-05, CE: 1.1018576751272362
Epoch: 89
[TRAIN] Total loss: 1.1015256262487836, MSE: 0.0002523384796404571, CE: 1.1012732916408114
[VALID] Total loss: 1.0966046646416905, MSE: 7.448755883182545e-05, CE: 1.0965301789433124

M: tensor([[-0.7283,  1.4080,  0.0000,  0.3999, -0.6033,  0.0875,  0.0000,  0.7769, -1.0654,  0.9162, -1.6854,  0.0000,  0.0000]], device='cuda:0')
R: tensor([[-0.7378,  1.4000,  0.2497,  0.3942, -0.6131,  0.0797, -1.0738,  0.7684, -1.0757,  0.9066, -1.6969, -1.6544, -0.6806]], device='cuda:0')
C: tensor([[-0.7283,  1.4080,  0.2563,  0.3999, -0.6033,  0.0875, -1.0631,  0.7769, -1.0654,  0.9162, -1.6854, -1.6439, -0.6709]], device='cuda:0')
Epoch: 90
[TRAIN] Total loss: 1.1016195797257953, MSE: 0.00023759648047416704, CE: 1.1013819831940863
[VALID] Total loss: 1.1046187245702168, MSE: 0.0004052094387939671, CE: 1.10421350921493
Epoch: 91
[TRAIN] Total loss: 1.1009385043548212, MSE: 0.00024651391170967446, CE: 1.1006919890642166
[VALID] Total loss: 1.104631577629641, MSE: 6.901007586145487e-05, CE: 1.104562569813556
Epoch: 92
[TRAIN] Total loss: 1.100622497498989, MSE: 0.0002324768967001647, CE: 1.1003900191022291
[VALID] Total loss: 1.0973494641752128, MSE: 6.559532998671127e-05, CE: 1.097283873213343
Epoch: 93
[TRAIN] Total loss: 1.1009621918201447, MSE: 0.0002704946755329729, CE: 1.100691697663731
[VALID] Total loss: 1.0980594646499817, MSE: 0.00015654571886323057, CE: 1.0979029198726975
Epoch: 94
[TRAIN] Total loss: 1.1006355463630624, MSE: 0.00021376864869024657, CE: 1.100421779271629
[VALID] Total loss: 1.0889982617045024, MSE: 8.708526431554816e-05, CE: 1.0889111742915878
Epoch: 95
[TRAIN] Total loss: 1.1008364893496037, MSE: 0.00023041565812794337, CE: 1.1006060710383787
[VALID] Total loss: 1.0914901480617294, MSE: 0.00020731559110221914, CE: 1.0912828344896615
Epoch: 96
[TRAIN] Total loss: 1.1007808463441, MSE: 0.00021492135389659475, CE: 1.1005659223430686
[VALID] Total loss: 1.0992382606828068, MSE: 8.20614807609278e-05, CE: 1.099156198731388
Epoch: 97
[TRAIN] Total loss: 1.1005196389224794, MSE: 0.0002304818687864301, CE: 1.100289159350925
[VALID] Total loss: 1.1003427476768035, MSE: 6.368266177417694e-05, CE: 1.1002790626273098
Epoch: 98
[TRAIN] Total loss: 1.1000938800474007, MSE: 0.00020671300964952225, CE: 1.099887166172266
[VALID] Total loss: 1.1015204708260227, MSE: 0.00011489503976260592, CE: 1.1014055774872562
Epoch: 99
[TRAIN] Total loss: 1.1000924561586645, MSE: 0.00022261114175610905, CE: 1.0998698452280626
[VALID] Total loss: 1.099482441522989, MSE: 0.00014572955290324065, CE: 1.0993367074483849
Best epoch: 10, Best Val loss: 1.078079144638705

========================= TEST RESULT =========================
[TEST] Total loss: 1.0818854483162486, MSE: 1.9003705147486294e-05, CE: 1.0818664533335989
===============================================================


----------------- SETTINGS -------------------
device             : cuda

[DATASET_SETTINGS]
dataset_name       : wine
val_rate           : 0.2
test_rate          : 0.1

[GENERATION_SETTINGS]
missing_pattern    : multiple
include_complete   : False
min_remove_count   : 1
max_remove_count   : 5

[MODEL_SETTINGS]
model_name         : Tabular Transformer
dim_model          : 256
num_head           : 8
dim_ff             : 256
num_features       : 13
num_classes        : 3
num_layers         : 3
dropout            : 0.1
threshold          : 0.5
mse_rate           : 1
num_parameters     : 3299847

[LEARNING_SETTINGS]
epochs             : 100
batch_size         : 1024
learning_rate      : 1e-05
step_size          : 10
gamma              : 0.9
print_period       : 10
current_epoch      : 99
----------------------------------------------


